This is pdfTeX, Version 3.14159265-2.6-1.40.17 (TeX Live 2016) (preloaded format=pdflatex 2016.5.22)  24 NOV 2017 22:28
entering extended mode
 restricted \write18 enabled.
 file:line:error style messages enabled.
 %&-line parsing enabled.
**"Manual Tecnico.tex"
(./Manual Tecnico.tex
LaTeX2e <2016/03/31>
Babel <3.9r> and hyphenation patterns for 83 language(s) loaded.
(/usr/local/texlive/2016/texmf-dist/tex/latex/base/article.cls
Document Class: article 2014/09/29 v1.4h Standard LaTeX document class
(/usr/local/texlive/2016/texmf-dist/tex/latex/base/size12.clo
File: size12.clo 2014/09/29 v1.4h Standard LaTeX file (size option)
)
\c@part=\count79
\c@section=\count80
\c@subsection=\count81
\c@subsubsection=\count82
\c@paragraph=\count83
\c@subparagraph=\count84
\c@figure=\count85
\c@table=\count86
\abovecaptionskip=\skip41
\belowcaptionskip=\skip42
\bibindent=\dimen102
)
(/usr/local/texlive/2016/texmf-dist/tex/latex/geometry/geometry.sty
Package: geometry 2010/09/12 v5.6 Page Geometry

(/usr/local/texlive/2016/texmf-dist/tex/latex/graphics/keyval.sty
Package: keyval 2014/10/28 v1.15 key=value parser (DPC)
\KV@toks@=\toks14
)
(/usr/local/texlive/2016/texmf-dist/tex/generic/oberdiek/ifpdf.sty
Package: ifpdf 2016/05/14 v3.1 Provides the ifpdf switch
)
(/usr/local/texlive/2016/texmf-dist/tex/generic/oberdiek/ifvtex.sty
Package: ifvtex 2016/05/16 v1.6 Detect VTeX and its facilities (HO)
Package ifvtex Info: VTeX not detected.
)
(/usr/local/texlive/2016/texmf-dist/tex/generic/ifxetex/ifxetex.sty
Package: ifxetex 2010/09/12 v0.6 Provides ifxetex conditional
)
\Gm@cnth=\count87
\Gm@cntv=\count88
\c@Gm@tempcnt=\count89
\Gm@bindingoffset=\dimen103
\Gm@wd@mp=\dimen104
\Gm@odd@mp=\dimen105
\Gm@even@mp=\dimen106
\Gm@layoutwidth=\dimen107
\Gm@layoutheight=\dimen108
\Gm@layouthoffset=\dimen109
\Gm@layoutvoffset=\dimen110
\Gm@dimlist=\toks15
)
(/usr/local/texlive/2016/texmf-dist/tex/latex/graphics/graphicx.sty
Package: graphicx 2014/10/28 v1.0g Enhanced LaTeX Graphics (DPC,SPQR)

(/usr/local/texlive/2016/texmf-dist/tex/latex/graphics/graphics.sty
Package: graphics 2016/05/09 v1.0r Standard LaTeX Graphics (DPC,SPQR)

(/usr/local/texlive/2016/texmf-dist/tex/latex/graphics/trig.sty
Package: trig 2016/01/03 v1.10 sin cos tan (DPC)
)
(/usr/local/texlive/2016/texmf-dist/tex/latex/graphics-cfg/graphics.cfg
File: graphics.cfg 2016/01/02 v1.10 sample graphics configuration
)
Package graphics Info: Driver file: pdftex.def on input line 96.

(/usr/local/texlive/2016/texmf-dist/tex/latex/pdftex-def/pdftex.def
File: pdftex.def 2011/05/27 v0.06d Graphics/color for pdfTeX

(/usr/local/texlive/2016/texmf-dist/tex/generic/oberdiek/infwarerr.sty
Package: infwarerr 2016/05/16 v1.4 Providing info/warning/error messages (HO)
)
(/usr/local/texlive/2016/texmf-dist/tex/generic/oberdiek/ltxcmds.sty
Package: ltxcmds 2016/05/16 v1.23 LaTeX kernel commands for general use (HO)
)
\Gread@gobject=\count90
))
\Gin@req@height=\dimen111
\Gin@req@width=\dimen112
)
(/usr/local/texlive/2016/texmf-dist/tex/latex/listings/listings.sty
\lst@mode=\count91
\lst@gtempboxa=\box26
\lst@token=\toks16
\lst@length=\count92
\lst@currlwidth=\dimen113
\lst@column=\count93
\lst@pos=\count94
\lst@lostspace=\dimen114
\lst@width=\dimen115
\lst@newlines=\count95
\lst@lineno=\count96
\lst@maxwidth=\dimen116

(/usr/local/texlive/2016/texmf-dist/tex/latex/listings/lstmisc.sty
File: lstmisc.sty 2015/06/04 1.6 (Carsten Heinz)
\c@lstnumber=\count97
\lst@skipnumbers=\count98
\lst@framebox=\box27
)
(/usr/local/texlive/2016/texmf-dist/tex/latex/listings/listings.cfg
File: listings.cfg 2015/06/04 1.6 listings configuration
))
Package: listings 2015/06/04 1.6 (Carsten Heinz)

(/usr/local/texlive/2016/texmf-dist/tex/generic/babel/babel.sty
Package: babel 2016/04/23 3.9r The Babel package

(/usr/local/texlive/2016/texmf-dist/tex/generic/babel-spanish/spanish.ldf
Language: spanish.ldf 2016/03/03 v5.0p Spanish support from the babel system

(/usr/local/texlive/2016/texmf-dist/tex/generic/babel/babel.def
File: babel.def 2016/04/23 3.9r Babel common definitions
\babel@savecnt=\count99
\U@D=\dimen117
)
\es@quottoks=\toks17
\es@quotdepth=\count100
Package babel Info: Making " an active character on input line 561.
Package babel Info: Making . an active character on input line 662.
Package babel Info: Making < an active character on input line 707.
Package babel Info: Making > an active character on input line 707.
))
(/usr/local/texlive/2016/texmf-dist/tex/latex/tools/enumerate.sty
Package: enumerate 2015/07/23 v3.00 enumerate extensions (DPC)
\@enLab=\toks18
)
(/usr/local/texlive/2016/texmf-dist/tex/latex/titlesec/titlesec.sty
Package: titlesec 2016/03/21 v2.10.2 Sectioning titles
\ttl@box=\box28
\beforetitleunit=\skip43
\aftertitleunit=\skip44
\ttl@plus=\dimen118
\ttl@minus=\dimen119
\ttl@toksa=\toks19
\titlewidth=\dimen120
\titlewidthlast=\dimen121
\titlewidthfirst=\dimen122
)
(/usr/local/texlive/2016/texmf-dist/tex/latex/hyperref/hyperref.sty
Package: hyperref 2016/05/05 v6.83n Hypertext links for LaTeX

(/usr/local/texlive/2016/texmf-dist/tex/generic/oberdiek/hobsub-hyperref.sty
Package: hobsub-hyperref 2016/05/16 v1.14 Bundle oberdiek, subset hyperref (HO)


(/usr/local/texlive/2016/texmf-dist/tex/generic/oberdiek/hobsub-generic.sty
Package: hobsub-generic 2016/05/16 v1.14 Bundle oberdiek, subset generic (HO)
Package: hobsub 2016/05/16 v1.14 Construct package bundles (HO)
Package hobsub Info: Skipping package `infwarerr' (already loaded).
Package hobsub Info: Skipping package `ltxcmds' (already loaded).
Package: ifluatex 2016/05/16 v1.4 Provides the ifluatex switch (HO)
Package ifluatex Info: LuaTeX not detected.
Package hobsub Info: Skipping package `ifvtex' (already loaded).
Package: intcalc 2016/05/16 v1.2 Expandable calculations with integers (HO)
Package hobsub Info: Skipping package `ifpdf' (already loaded).
Package: etexcmds 2016/05/16 v1.6 Avoid name clashes with e-TeX commands (HO)
Package etexcmds Info: Could not find \expanded.
(etexcmds)             That can mean that you are not using pdfTeX 1.50 or
(etexcmds)             that some package has redefined \expanded.
(etexcmds)             In the latter case, load this package earlier.
Package: kvsetkeys 2016/05/16 v1.17 Key value parser (HO)
Package: kvdefinekeys 2016/05/16 v1.4 Define keys (HO)
Package: pdftexcmds 2016/05/10 v0.21 Utility functions of pdfTeX for LuaTeX (HO
)
Package pdftexcmds Info: LuaTeX not detected.
Package pdftexcmds Info: \pdf@primitive is available.
Package pdftexcmds Info: \pdf@ifprimitive is available.
Package pdftexcmds Info: \pdfdraftmode found.
Package: pdfescape 2016/05/16 v1.14 Implements pdfTeX's escape features (HO)
Package: bigintcalc 2016/05/16 v1.4 Expandable calculations on big integers (HO
)
Package: bitset 2016/05/16 v1.2 Handle bit-vector datatype (HO)
Package: uniquecounter 2016/05/16 v1.3 Provide unlimited unique counter (HO)
)
Package hobsub Info: Skipping package `hobsub' (already loaded).
Package: letltxmacro 2016/05/16 v1.5 Let assignment for LaTeX macros (HO)
Package: hopatch 2016/05/16 v1.3 Wrapper for package hooks (HO)
Package: xcolor-patch 2016/05/16 xcolor patch
Package: atveryend 2016/05/16 v1.9 Hooks at the very end of document (HO)
Package atveryend Info: \enddocument detected (standard20110627).
Package: atbegshi 2016/05/16 v1.17 At begin shipout hook (HO)
Package: refcount 2016/05/16 v3.5 Data extraction from label references (HO)
Package: hycolor 2016/05/16 v1.8 Color options for hyperref/bookmark (HO)
)
(/usr/local/texlive/2016/texmf-dist/tex/latex/oberdiek/auxhook.sty
Package: auxhook 2016/05/16 v1.4 Hooks for auxiliary files (HO)
)
(/usr/local/texlive/2016/texmf-dist/tex/latex/oberdiek/kvoptions.sty
Package: kvoptions 2016/05/16 v3.12 Key value format for package options (HO)
)
\@linkdim=\dimen123
\Hy@linkcounter=\count101
\Hy@pagecounter=\count102

(/usr/local/texlive/2016/texmf-dist/tex/latex/hyperref/pd1enc.def
File: pd1enc.def 2016/05/05 v6.83n Hyperref: PDFDocEncoding definition (HO)
)
\Hy@SavedSpaceFactor=\count103

(/usr/local/texlive/2016/texmf-dist/tex/latex/latexconfig/hyperref.cfg
File: hyperref.cfg 2002/06/06 v1.2 hyperref configuration of TeXLive
)
Package hyperref Info: Hyper figures OFF on input line 4446.
Package hyperref Info: Link nesting OFF on input line 4451.
Package hyperref Info: Hyper index ON on input line 4454.
Package hyperref Info: Plain pages OFF on input line 4461.
Package hyperref Info: Backreferencing OFF on input line 4466.
Package hyperref Info: Implicit mode ON; LaTeX internals redefined.
Package hyperref Info: Bookmarks ON on input line 4691.
\c@Hy@tempcnt=\count104

(/usr/local/texlive/2016/texmf-dist/tex/latex/url/url.sty
\Urlmuskip=\muskip10
Package: url 2013/09/16  ver 3.4  Verb mode for urls, etc.
)
LaTeX Info: Redefining \url on input line 5044.
\XeTeXLinkMargin=\dimen124
\Fld@menulength=\count105
\Field@Width=\dimen125
\Fld@charsize=\dimen126
Package hyperref Info: Hyper figures OFF on input line 6298.
Package hyperref Info: Link nesting OFF on input line 6303.
Package hyperref Info: Hyper index ON on input line 6306.
Package hyperref Info: backreferencing OFF on input line 6313.
Package hyperref Info: Link coloring OFF on input line 6318.
Package hyperref Info: Link coloring with OCG OFF on input line 6323.
Package hyperref Info: PDF/A mode OFF on input line 6328.
LaTeX Info: Redefining \ref on input line 6368.
LaTeX Info: Redefining \pageref on input line 6372.
\Hy@abspage=\count106
\c@Item=\count107
\c@Hfootnote=\count108
)

Package hyperref Message: Driver (autodetected): hpdftex.

(/usr/local/texlive/2016/texmf-dist/tex/latex/hyperref/hpdftex.def
File: hpdftex.def 2016/05/05 v6.83n Hyperref driver for pdfTeX
\Fld@listcount=\count109
\c@bookmark@seq@number=\count110

(/usr/local/texlive/2016/texmf-dist/tex/latex/oberdiek/rerunfilecheck.sty
Package: rerunfilecheck 2016/05/16 v1.8 Rerun checks for auxiliary files (HO)
Package uniquecounter Info: New unique counter `rerunfilecheck' on input line 2
82.
)
\Hy@SectionHShift=\skip45
)
(/usr/local/texlive/2016/texmf-dist/tex/latex/base/inputenc.sty
Package: inputenc 2015/03/17 v1.2c Input encoding file
\inpenc@prehook=\toks20
\inpenc@posthook=\toks21

(/usr/local/texlive/2016/texmf-dist/tex/latex/base/latin1.def
File: latin1.def 2015/03/17 v1.2c Input encoding file
))
(./Manual Tecnico.aux
LaTeX Info: Redefining \. on input line 24.
LaTeX Info: Redefining \% on input line 24.
)
\openout1 = `"Manual Tecnico.aux"'.

LaTeX Font Info:    Checking defaults for OML/cmm/m/it on input line 21.
LaTeX Font Info:    ... okay on input line 21.
LaTeX Font Info:    Checking defaults for T1/cmr/m/n on input line 21.
LaTeX Font Info:    ... okay on input line 21.
LaTeX Font Info:    Checking defaults for OT1/cmr/m/n on input line 21.
LaTeX Font Info:    ... okay on input line 21.
LaTeX Font Info:    Checking defaults for OMS/cmsy/m/n on input line 21.
LaTeX Font Info:    ... okay on input line 21.
LaTeX Font Info:    Checking defaults for OMX/cmex/m/n on input line 21.
LaTeX Font Info:    ... okay on input line 21.
LaTeX Font Info:    Checking defaults for U/cmr/m/n on input line 21.
LaTeX Font Info:    ... okay on input line 21.
LaTeX Font Info:    Checking defaults for PD1/pdf/m/n on input line 21.
LaTeX Font Info:    ... okay on input line 21.

*geometry* driver: auto-detecting
*geometry* detected driver: pdftex
*geometry* verbose mode - [ preamble ] result:
* driver: pdftex
* paper: a4paper
* layout: <same size as paper>
* layoutoffset:(h,v)=(0.0pt,0.0pt)
* modes: 
* h-part:(L,W,R)=(89.62709pt, 418.25368pt, 89.6271pt)
* v-part:(T,H,B)=(101.40665pt, 591.5302pt, 152.11pt)
* \paperwidth=597.50787pt
* \paperheight=845.04684pt
* \textwidth=418.25368pt
* \textheight=591.5302pt
* \oddsidemargin=17.3571pt
* \evensidemargin=17.3571pt
* \topmargin=-7.86334pt
* \headheight=12.0pt
* \headsep=25.0pt
* \topskip=12.0pt
* \footskip=30.0pt
* \marginparwidth=44.0pt
* \marginparsep=10.0pt
* \columnsep=10.0pt
* \skip\footins=10.8pt plus 4.0pt minus 2.0pt
* \hoffset=0.0pt
* \voffset=0.0pt
* \mag=1000
* \@twocolumnfalse
* \@twosidefalse
* \@mparswitchfalse
* \@reversemarginfalse
* (1in=72.27pt=25.4mm, 1cm=28.453pt)

(/usr/local/texlive/2016/texmf-dist/tex/context/base/mkii/supp-pdf.mkii
[Loading MPS to PDF converter (version 2006.09.02).]
\scratchcounter=\count111
\scratchdimen=\dimen127
\scratchbox=\box29
\nofMPsegments=\count112
\nofMParguments=\count113
\everyMPshowfont=\toks22
\MPscratchCnt=\count114
\MPscratchDim=\dimen128
\MPnumerator=\count115
\makeMPintoPDFobject=\count116
\everyMPtoPDFconversion=\toks23
) (/usr/local/texlive/2016/texmf-dist/tex/latex/oberdiek/epstopdf-base.sty
Package: epstopdf-base 2016/05/15 v2.6 Base part for package epstopdf

(/usr/local/texlive/2016/texmf-dist/tex/latex/oberdiek/grfext.sty
Package: grfext 2016/05/16 v1.2 Manage graphics extensions (HO)
)
Package grfext Info: Graphics extension search list:
(grfext)             [.png,.pdf,.jpg,.mps,.jpeg,.jbig2,.jb2,.PNG,.PDF,.JPG,.JPE
G,.JBIG2,.JB2,.eps]
(grfext)             \AppendGraphicsExtensions on input line 456.

(/usr/local/texlive/2016/texmf-dist/tex/latex/latexconfig/epstopdf-sys.cfg
File: epstopdf-sys.cfg 2010/07/13 v1.3 Configuration of (r)epstopdf for TeX Liv
e
))
\c@lstlisting=\count117
LaTeX Info: Redefining \. on input line 21.
LaTeX Info: Redefining \% on input line 21.
\AtBeginShipoutBox=\box30
Package hyperref Info: Link coloring OFF on input line 21.

(/usr/local/texlive/2016/texmf-dist/tex/latex/hyperref/nameref.sty
Package: nameref 2012/10/27 v2.43 Cross-referencing by name of section

(/usr/local/texlive/2016/texmf-dist/tex/generic/oberdiek/gettitlestring.sty
Package: gettitlestring 2016/05/16 v1.5 Cleanup title references (HO)
)
\c@section@level=\count118
)
LaTeX Info: Redefining \ref on input line 21.
LaTeX Info: Redefining \pageref on input line 21.
LaTeX Info: Redefining \nameref on input line 21.

(./Manual Tecnico.out) (./Manual Tecnico.out)
\@outlinefile=\write3
\openout3 = `"Manual Tecnico.out"'.


<Tec.jpg, id=96, 501.875pt x 501.875pt>
File: Tec.jpg Graphic file (type jpg)
 <use Tec.jpg>
Package pdftex.def Info: Tec.jpg used on input line 25.
(pdftex.def)             Requested size: 412.56496pt x 412.5893pt.
Package babel Info: Redefining spanish shorthand <<
(babel)             in language  on input line 33.
Package babel Info: Redefining spanish shorthand >>
(babel)             in language  on input line 33.
Package babel Info: Redefining spanish shorthand "=
(babel)             in language  on input line 33.
Package babel Info: Redefining spanish shorthand "~
(babel)             in language  on input line 33.
Package babel Info: Redefining spanish shorthand "!
(babel)             in language  on input line 33.
Package babel Info: Redefining spanish shorthand "?
(babel)             in language  on input line 33.
Package babel Info: Redefining spanish shorthand <<
(babel)             in language  on input line 33.
Package babel Info: Redefining spanish shorthand >>
(babel)             in language  on input line 33.
Package babel Info: Redefining spanish shorthand "=
(babel)             in language  on input line 33.
Package babel Info: Redefining spanish shorthand "~
(babel)             in language  on input line 33.
Package babel Info: Redefining spanish shorthand "!
(babel)             in language  on input line 33.
Package babel Info: Redefining spanish shorthand "?
(babel)             in language  on input line 33.
 [1

{/usr/local/texlive/2016/texmf-var/fonts/map/pdftex/updmap/pdftex.map} <./Tec.j
pg>]
LaTeX Font Info:    External font `cmex10' loaded for size
(Font)              <14.4> on input line 35.
LaTeX Font Info:    External font `cmex10' loaded for size
(Font)              <7> on input line 35.

(./Manual Tecnico.toc
LaTeX Info: Redefining \. on input line 1.
LaTeX Info: Redefining \% on input line 1.
LaTeX Font Info:    External font `cmex10' loaded for size
(Font)              <12> on input line 4.
LaTeX Font Info:    External font `cmex10' loaded for size
(Font)              <8> on input line 4.
LaTeX Font Info:    External font `cmex10' loaded for size
(Font)              <6> on input line 4.
)
\tf@toc=\write4
\openout4 = `"Manual Tecnico.toc"'.

Package babel Info: Redefining spanish shorthand <<
(babel)             in language  on input line 37.
Package babel Info: Redefining spanish shorthand >>
(babel)             in language  on input line 37.
Package babel Info: Redefining spanish shorthand "=
(babel)             in language  on input line 37.
Package babel Info: Redefining spanish shorthand "~
(babel)             in language  on input line 37.
Package babel Info: Redefining spanish shorthand "!
(babel)             in language  on input line 37.
Package babel Info: Redefining spanish shorthand "?
(babel)             in language  on input line 37.
Package babel Info: Redefining spanish shorthand <<
(babel)             in language  on input line 39.
Package babel Info: Redefining spanish shorthand >>
(babel)             in language  on input line 39.
Package babel Info: Redefining spanish shorthand "=
(babel)             in language  on input line 39.
Package babel Info: Redefining spanish shorthand "~
(babel)             in language  on input line 39.
Package babel Info: Redefining spanish shorthand "!
(babel)             in language  on input line 39.
Package babel Info: Redefining spanish shorthand "?
(babel)             in language  on input line 39.
Package babel Info: Redefining spanish shorthand <<
(babel)             in language  on input line 39.
Package babel Info: Redefining spanish shorthand >>
(babel)             in language  on input line 39.
Package babel Info: Redefining spanish shorthand "=
(babel)             in language  on input line 39.
Package babel Info: Redefining spanish shorthand "~
(babel)             in language  on input line 39.
Package babel Info: Redefining spanish shorthand "!
(babel)             in language  on input line 39.
Package babel Info: Redefining spanish shorthand "?
(babel)             in language  on input line 39.
pdfTeX warning (ext4): destination with the same identifier (name{page.1}) has 
been already used, duplicate ignored
<to be read again> 
                   \relax 
l.39 
      [1]
Package babel Info: Redefining spanish shorthand <<
(babel)             in language  on input line 40.
Package babel Info: Redefining spanish shorthand >>
(babel)             in language  on input line 40.
Package babel Info: Redefining spanish shorthand "=
(babel)             in language  on input line 40.
Package babel Info: Redefining spanish shorthand "~
(babel)             in language  on input line 40.
Package babel Info: Redefining spanish shorthand "!
(babel)             in language  on input line 40.
Package babel Info: Redefining spanish shorthand "?
(babel)             in language  on input line 40.
Package babel Info: Redefining spanish shorthand <<
(babel)             in language  on input line 41.
Package babel Info: Redefining spanish shorthand >>
(babel)             in language  on input line 41.
Package babel Info: Redefining spanish shorthand "=
(babel)             in language  on input line 41.
Package babel Info: Redefining spanish shorthand "~
(babel)             in language  on input line 41.
Package babel Info: Redefining spanish shorthand "!
(babel)             in language  on input line 41.
Package babel Info: Redefining spanish shorthand "?
(babel)             in language  on input line 41.
LaTeX Font Info:    Try loading font information for OML+cmr on input line 48.
 (/usr/local/texlive/2016/texmf-dist/tex/latex/base/omlcmr.fd
File: omlcmr.fd 2014/09/29 v2.5h Standard LaTeX font definitions
)
LaTeX Font Info:    Font shape `OML/cmr/m/it' in size <12> not available
(Font)              Font shape `OML/cmm/m/it' tried instead on input line 48.
LaTeX Font Info:    Font shape `OML/cmr/m/n' in size <12> not available
(Font)              Font shape `OML/cmm/m/it' tried instead on input line 49.

Underfull \hbox (badness 10000) in paragraph at lines 53--54

 []

(/usr/local/texlive/2016/texmf-dist/tex/latex/listings/lstlang1.sty
File: lstlang1.sty 2015/06/04 1.6 listings language file
)
(./Interfaz.java
LaTeX Font Info:    Try loading font information for OMS+cmr on input line 21.
 (/usr/local/texlive/2016/texmf-dist/tex/latex/base/omscmr.fd
File: omscmr.fd 2014/09/29 v2.5h Standard LaTeX font definitions
)
LaTeX Font Info:    Font shape `OMS/cmr/m/n' in size <12> not available
(Font)              Font shape `OMS/cmsy/m/n' tried instead on input line 21.
)
Package babel Info: Redefining spanish shorthand <<
(babel)             in language  on input line 57.
Package babel Info: Redefining spanish shorthand >>
(babel)             in language  on input line 57.
Package babel Info: Redefining spanish shorthand "=
(babel)             in language  on input line 57.
Package babel Info: Redefining spanish shorthand "~
(babel)             in language  on input line 57.
Package babel Info: Redefining spanish shorthand "!
(babel)             in language  on input line 57.
Package babel Info: Redefining spanish shorthand "?
(babel)             in language  on input line 57.
(./Interfaz.java
Package babel Info: Redefining spanish shorthand <<
(babel)             in language  on input line 23.
Package babel Info: Redefining spanish shorthand >>
(babel)             in language  on input line 23.
Package babel Info: Redefining spanish shorthand "=
(babel)             in language  on input line 23.
Package babel Info: Redefining spanish shorthand "~
(babel)             in language  on input line 23.
Package babel Info: Redefining spanish shorthand "!
(babel)             in language  on input line 23.
Package babel Info: Redefining spanish shorthand "?
(babel)             in language  on input line 23.
Package babel Info: Redefining spanish shorthand <<
(babel)             in language  on input line 23.
Package babel Info: Redefining spanish shorthand >>
(babel)             in language  on input line 23.
Package babel Info: Redefining spanish shorthand "=
(babel)             in language  on input line 23.
Package babel Info: Redefining spanish shorthand "~
(babel)             in language  on input line 23.
Package babel Info: Redefining spanish shorthand "!
(babel)             in language  on input line 23.
Package babel Info: Redefining spanish shorthand "?
(babel)             in language  on input line 23.
 [2])
Package babel Info: Redefining spanish shorthand <<
(babel)             in language  on input line 63.
Package babel Info: Redefining spanish shorthand >>
(babel)             in language  on input line 63.
Package babel Info: Redefining spanish shorthand "=
(babel)             in language  on input line 63.
Package babel Info: Redefining spanish shorthand "~
(babel)             in language  on input line 63.
Package babel Info: Redefining spanish shorthand "!
(babel)             in language  on input line 63.
Package babel Info: Redefining spanish shorthand "?
(babel)             in language  on input line 63.
Package babel Info: Redefining spanish shorthand <<
(babel)             in language  on input line 65.
Package babel Info: Redefining spanish shorthand >>
(babel)             in language  on input line 65.
Package babel Info: Redefining spanish shorthand "=
(babel)             in language  on input line 65.
Package babel Info: Redefining spanish shorthand "~
(babel)             in language  on input line 65.
Package babel Info: Redefining spanish shorthand "!
(babel)             in language  on input line 65.
Package babel Info: Redefining spanish shorthand "?
(babel)             in language  on input line 65.
 (./Interfaz.java
LaTeX Font Info:    Font shape `OMS/cmr/m/it' in size <12> not available
(Font)              Font shape `OMS/cmsy/m/n' tried instead on input line 84.

Overfull \hbox (10.64561pt too wide) in paragraph at lines 90--92
[][] 
 []

Package babel Info: Redefining spanish shorthand <<
(babel)             in language  on input line 95.
Package babel Info: Redefining spanish shorthand >>
(babel)             in language  on input line 95.
Package babel Info: Redefining spanish shorthand "=
(babel)             in language  on input line 95.
Package babel Info: Redefining spanish shorthand "~
(babel)             in language  on input line 95.
Package babel Info: Redefining spanish shorthand "!
(babel)             in language  on input line 95.
Package babel Info: Redefining spanish shorthand "?
(babel)             in language  on input line 95.
Package babel Info: Redefining spanish shorthand <<
(babel)             in language  on input line 95.
Package babel Info: Redefining spanish shorthand >>
(babel)             in language  on input line 95.
Package babel Info: Redefining spanish shorthand "=
(babel)             in language  on input line 95.
Package babel Info: Redefining spanish shorthand "~
(babel)             in language  on input line 95.
Package babel Info: Redefining spanish shorthand "!
(babel)             in language  on input line 95.
Package babel Info: Redefining spanish shorthand "?
(babel)             in language  on input line 95.
[3]
Package babel Info: Redefining spanish shorthand <<
(babel)             in language  on input line 106.
Package babel Info: Redefining spanish shorthand >>
(babel)             in language  on input line 106.
Package babel Info: Redefining spanish shorthand "=
(babel)             in language  on input line 106.
Package babel Info: Redefining spanish shorthand "~
(babel)             in language  on input line 106.
Package babel Info: Redefining spanish shorthand "!
(babel)             in language  on input line 106.
Package babel Info: Redefining spanish shorthand "?
(babel)             in language  on input line 106.
Package babel Info: Redefining spanish shorthand <<
(babel)             in language  on input line 106.
Package babel Info: Redefining spanish shorthand >>
(babel)             in language  on input line 106.
Package babel Info: Redefining spanish shorthand "=
(babel)             in language  on input line 106.
Package babel Info: Redefining spanish shorthand "~
(babel)             in language  on input line 106.
Package babel Info: Redefining spanish shorthand "!
(babel)             in language  on input line 106.
Package babel Info: Redefining spanish shorthand "?
(babel)             in language  on input line 106.
 [4])
Package babel Info: Redefining spanish shorthand <<
(babel)             in language  on input line 69.
Package babel Info: Redefining spanish shorthand >>
(babel)             in language  on input line 69.
Package babel Info: Redefining spanish shorthand "=
(babel)             in language  on input line 69.
Package babel Info: Redefining spanish shorthand "~
(babel)             in language  on input line 69.
Package babel Info: Redefining spanish shorthand "!
(babel)             in language  on input line 69.
Package babel Info: Redefining spanish shorthand "?
(babel)             in language  on input line 69.
 (./Interfaz.java
Package babel Info: Redefining spanish shorthand <<
(babel)             in language  on input line 123.
Package babel Info: Redefining spanish shorthand >>
(babel)             in language  on input line 123.
Package babel Info: Redefining spanish shorthand "=
(babel)             in language  on input line 123.
Package babel Info: Redefining spanish shorthand "~
(babel)             in language  on input line 123.
Package babel Info: Redefining spanish shorthand "!
(babel)             in language  on input line 123.
Package babel Info: Redefining spanish shorthand "?
(babel)             in language  on input line 123.
Package babel Info: Redefining spanish shorthand <<
(babel)             in language  on input line 123.
Package babel Info: Redefining spanish shorthand >>
(babel)             in language  on input line 123.
Package babel Info: Redefining spanish shorthand "=
(babel)             in language  on input line 123.
Package babel Info: Redefining spanish shorthand "~
(babel)             in language  on input line 123.
Package babel Info: Redefining spanish shorthand "!
(babel)             in language  on input line 123.
Package babel Info: Redefining spanish shorthand "?
(babel)             in language  on input line 123.
 [5]
Overfull \hbox (32.94554pt too wide) in paragraph at lines 123--124
[][][][][] 
 []


Overfull \hbox (3.59563pt too wide) in paragraph at lines 123--124
[][] 
 []


Overfull \hbox (32.94554pt too wide) in paragraph at lines 124--125
[][][][][] 
 []


Overfull \hbox (31.79558pt too wide) in paragraph at lines 124--125
[][] 
 []


Overfull \hbox (47.04552pt too wide) in paragraph at lines 125--126
[][][][][] 
 []


Overfull \hbox (3.59563pt too wide) in paragraph at lines 125--126
[][] 
 []


Overfull \hbox (3.59563pt too wide) in paragraph at lines 125--126
[][] 
 []


Overfull \hbox (3.59563pt too wide) in paragraph at lines 125--126
[][] 
 []


Overfull \hbox (17.6956pt too wide) in paragraph at lines 125--126
[][] 
 []


Overfull \hbox (3.59563pt too wide) in paragraph at lines 125--126
[][] 
 []


Overfull \hbox (45.89555pt too wide) in paragraph at lines 125--126
[][] 
 []


Overfull \hbox (3.59563pt too wide) in paragraph at lines 125--126
[][] 
 []


Overfull \hbox (3.59563pt too wide) in paragraph at lines 125--126
[][] 
 []


Overfull \hbox (31.79558pt too wide) in paragraph at lines 125--126
[][] 
 []


Overfull \hbox (3.59563pt too wide) in paragraph at lines 125--126
[][] 
 []


Overfull \hbox (3.59563pt too wide) in paragraph at lines 125--126
[][] 
 []


Overfull \hbox (3.59563pt too wide) in paragraph at lines 125--126
[][] 
 []


Overfull \hbox (47.04552pt too wide) in paragraph at lines 126--127
[][][][][] 
 []


Overfull \hbox (3.59563pt too wide) in paragraph at lines 126--127
[][] 
 []


Overfull \hbox (95.24547pt too wide) in paragraph at lines 126--127
[][] 
 []


Overfull \hbox (3.59563pt too wide) in paragraph at lines 126--127
[][] 
 []


Overfull \hbox (3.59563pt too wide) in paragraph at lines 126--127
[][] 
 []


Overfull \hbox (31.79558pt too wide) in paragraph at lines 126--127
[][] 
 []


Overfull \hbox (3.59563pt too wide) in paragraph at lines 126--127
[][] 
 []


Overfull \hbox (31.79558pt too wide) in paragraph at lines 126--127
[][] 
 []


Overfull \hbox (3.59563pt too wide) in paragraph at lines 126--127
[][] 
 []


Overfull \hbox (38.84557pt too wide) in paragraph at lines 126--127
[][] 
 []


Overfull \hbox (3.59563pt too wide) in paragraph at lines 126--127
[][] 
 []


Overfull \hbox (3.59563pt too wide) in paragraph at lines 126--127
[][] 
 []


Overfull \hbox (3.59563pt too wide) in paragraph at lines 126--127
[][] 
 []

Package babel Info: Redefining spanish shorthand <<
(babel)             in language  on input line 127.
Package babel Info: Redefining spanish shorthand >>
(babel)             in language  on input line 127.
Package babel Info: Redefining spanish shorthand "=
(babel)             in language  on input line 127.
Package babel Info: Redefining spanish shorthand "~
(babel)             in language  on input line 127.
Package babel Info: Redefining spanish shorthand "!
(babel)             in language  on input line 127.
Package babel Info: Redefining spanish shorthand "?
(babel)             in language  on input line 127.
Package babel Info: Redefining spanish shorthand <<
(babel)             in language  on input line 127.
Package babel Info: Redefining spanish shorthand >>
(babel)             in language  on input line 127.
Package babel Info: Redefining spanish shorthand "=
(babel)             in language  on input line 127.
Package babel Info: Redefining spanish shorthand "~
(babel)             in language  on input line 127.
Package babel Info: Redefining spanish shorthand "!
(babel)             in language  on input line 127.
Package babel Info: Redefining spanish shorthand "?
(babel)             in language  on input line 127.
[6]
Overfull \hbox (89.34544pt too wide) in paragraph at lines 127--128
[][][][][] 
 []


Overfull \hbox (3.59563pt too wide) in paragraph at lines 127--128
[][] 
 []


Overfull \hbox (17.6956pt too wide) in paragraph at lines 127--128
[][] 
 []


Overfull \hbox (3.59563pt too wide) in paragraph at lines 127--128
[][] 
 []


Overfull \hbox (67.04552pt too wide) in paragraph at lines 127--128
[][] 
 []


Overfull \hbox (3.59563pt too wide) in paragraph at lines 127--128
[][] 
 []


Overfull \hbox (3.59563pt too wide) in paragraph at lines 127--128
[][] 
 []


Overfull \hbox (96.39543pt too wide) in paragraph at lines 128--129
[][][][][] 
 []


Overfull \hbox (3.59563pt too wide) in paragraph at lines 128--129
[][] 
 []


Overfull \hbox (3.59563pt too wide) in paragraph at lines 128--129
[][] 
 []


Overfull \hbox (3.59563pt too wide) in paragraph at lines 128--129
[][] 
 []


Overfull \hbox (17.6956pt too wide) in paragraph at lines 128--129
[][] 
 []


Overfull \hbox (3.59563pt too wide) in paragraph at lines 128--129
[][] 
 []


Overfull \hbox (45.89555pt too wide) in paragraph at lines 128--129
[][] 
 []


Overfull \hbox (3.59563pt too wide) in paragraph at lines 128--129
[][] 
 []


Overfull \hbox (3.59563pt too wide) in paragraph at lines 128--129
[][] 
 []


Overfull \hbox (45.89555pt too wide) in paragraph at lines 128--129
[][] 
 []


Overfull \hbox (3.59563pt too wide) in paragraph at lines 128--129
[][] 
 []


Overfull \hbox (52.94554pt too wide) in paragraph at lines 128--129
[][] 
 []


Overfull \hbox (3.59563pt too wide) in paragraph at lines 128--129
[][] 
 []


Overfull \hbox (3.59563pt too wide) in paragraph at lines 128--129
[][] 
 []


Overfull \hbox (3.59563pt too wide) in paragraph at lines 128--129
[][] 
 []


Overfull \hbox (96.39543pt too wide) in paragraph at lines 129--130
[][][][][] 
 []


Overfull \hbox (3.59563pt too wide) in paragraph at lines 129--130
[][] 
 []


Overfull \hbox (95.24547pt too wide) in paragraph at lines 129--130
[][] 
 []


Overfull \hbox (3.59563pt too wide) in paragraph at lines 129--130
[][] 
 []


Overfull \hbox (3.59563pt too wide) in paragraph at lines 129--130
[][] 
 []


Overfull \hbox (38.84557pt too wide) in paragraph at lines 129--130
[][] 
 []


Overfull \hbox (3.59563pt too wide) in paragraph at lines 129--130
[][] 
 []


Overfull \hbox (10.64561pt too wide) in paragraph at lines 129--130
[][] 
 []


Overfull \hbox (3.59563pt too wide) in paragraph at lines 129--130
[][] 
 []


Overfull \hbox (45.89555pt too wide) in paragraph at lines 129--130
[][] 
 []


Overfull \hbox (3.59563pt too wide) in paragraph at lines 129--130
[][] 
 []


Overfull \hbox (24.74559pt too wide) in paragraph at lines 129--130
[][] 
 []


Overfull \hbox (3.59563pt too wide) in paragraph at lines 129--130
[][] 
 []


Overfull \hbox (31.79558pt too wide) in paragraph at lines 129--130
[][] 
 []


Overfull \hbox (3.59563pt too wide) in paragraph at lines 129--130
[][] 
 []


Overfull \hbox (17.6956pt too wide) in paragraph at lines 129--130
[][] 
 []


Overfull \hbox (3.59563pt too wide) in paragraph at lines 129--130
[][] 
 []


Overfull \hbox (59.99553pt too wide) in paragraph at lines 129--130
[][] 
 []


Overfull \hbox (3.59563pt too wide) in paragraph at lines 129--130
[][] 
 []


Overfull \hbox (3.59563pt too wide) in paragraph at lines 129--130
[][] 
 []


Overfull \hbox (3.59563pt too wide) in paragraph at lines 129--130
[][] 
 []

Package babel Info: Redefining spanish shorthand <<
(babel)             in language  on input line 130.
Package babel Info: Redefining spanish shorthand >>
(babel)             in language  on input line 130.
Package babel Info: Redefining spanish shorthand "=
(babel)             in language  on input line 130.
Package babel Info: Redefining spanish shorthand "~
(babel)             in language  on input line 130.
Package babel Info: Redefining spanish shorthand "!
(babel)             in language  on input line 130.
Package babel Info: Redefining spanish shorthand "?
(babel)             in language  on input line 130.
Package babel Info: Redefining spanish shorthand <<
(babel)             in language  on input line 130.
Package babel Info: Redefining spanish shorthand >>
(babel)             in language  on input line 130.
Package babel Info: Redefining spanish shorthand "=
(babel)             in language  on input line 130.
Package babel Info: Redefining spanish shorthand "~
(babel)             in language  on input line 130.
Package babel Info: Redefining spanish shorthand "!
(babel)             in language  on input line 130.
Package babel Info: Redefining spanish shorthand "?
(babel)             in language  on input line 130.
[7]
Overfull \hbox (89.34544pt too wide) in paragraph at lines 130--131
[][][][][] 
 []


Overfull \hbox (3.59563pt too wide) in paragraph at lines 130--131
[][] 
 []


Overfull \hbox (17.6956pt too wide) in paragraph at lines 130--131
[][] 
 []


Overfull \hbox (3.59563pt too wide) in paragraph at lines 130--131
[][] 
 []


Overfull \hbox (116.39543pt too wide) in paragraph at lines 130--131
[][] 
 []


Overfull \hbox (3.59563pt too wide) in paragraph at lines 130--131
[][] 
 []


Overfull \hbox (3.59563pt too wide) in paragraph at lines 130--131
[][] 
 []

Package babel Info: Redefining spanish shorthand <<
(babel)             in language  on input line 135.
Package babel Info: Redefining spanish shorthand >>
(babel)             in language  on input line 135.
Package babel Info: Redefining spanish shorthand "=
(babel)             in language  on input line 135.
Package babel Info: Redefining spanish shorthand "~
(babel)             in language  on input line 135.
Package babel Info: Redefining spanish shorthand "!
(babel)             in language  on input line 135.
Package babel Info: Redefining spanish shorthand "?
(babel)             in language  on input line 135.
Package babel Info: Redefining spanish shorthand <<
(babel)             in language  on input line 135.
Package babel Info: Redefining spanish shorthand >>
(babel)             in language  on input line 135.
Package babel Info: Redefining spanish shorthand "=
(babel)             in language  on input line 135.
Package babel Info: Redefining spanish shorthand "~
(babel)             in language  on input line 135.
Package babel Info: Redefining spanish shorthand "!
(babel)             in language  on input line 135.
Package babel Info: Redefining spanish shorthand "?
(babel)             in language  on input line 135.
[8])
Package babel Info: Redefining spanish shorthand <<
(babel)             in language  on input line 72.
Package babel Info: Redefining spanish shorthand >>
(babel)             in language  on input line 72.
Package babel Info: Redefining spanish shorthand "=
(babel)             in language  on input line 72.
Package babel Info: Redefining spanish shorthand "~
(babel)             in language  on input line 72.
Package babel Info: Redefining spanish shorthand "!
(babel)             in language  on input line 72.
Package babel Info: Redefining spanish shorthand "?
(babel)             in language  on input line 72.
 (./Interfaz.java
Package babel Info: Redefining spanish shorthand <<
(babel)             in language  on input line 175.
Package babel Info: Redefining spanish shorthand >>
(babel)             in language  on input line 175.
Package babel Info: Redefining spanish shorthand "=
(babel)             in language  on input line 175.
Package babel Info: Redefining spanish shorthand "~
(babel)             in language  on input line 175.
Package babel Info: Redefining spanish shorthand "!
(babel)             in language  on input line 175.
Package babel Info: Redefining spanish shorthand "?
(babel)             in language  on input line 175.
Package babel Info: Redefining spanish shorthand <<
(babel)             in language  on input line 175.
Package babel Info: Redefining spanish shorthand >>
(babel)             in language  on input line 175.
Package babel Info: Redefining spanish shorthand "=
(babel)             in language  on input line 175.
Package babel Info: Redefining spanish shorthand "~
(babel)             in language  on input line 175.
Package babel Info: Redefining spanish shorthand "!
(babel)             in language  on input line 175.
Package babel Info: Redefining spanish shorthand "?
(babel)             in language  on input line 175.
 [9]
Overfull \hbox (11.79558pt too wide) in paragraph at lines 181--182
[][][][][] 
 []


Overfull \hbox (11.79558pt too wide) in paragraph at lines 184--186
[][][][][] 
 []


Overfull \hbox (11.79558pt too wide) in paragraph at lines 186--187
[][][][][] 
 []

Package babel Info: Redefining spanish shorthand <<
(babel)             in language  on input line 189.
Package babel Info: Redefining spanish shorthand >>
(babel)             in language  on input line 189.
Package babel Info: Redefining spanish shorthand "=
(babel)             in language  on input line 189.
Package babel Info: Redefining spanish shorthand "~
(babel)             in language  on input line 189.
Package babel Info: Redefining spanish shorthand "!
(babel)             in language  on input line 189.
Package babel Info: Redefining spanish shorthand "?
(babel)             in language  on input line 189.
Package babel Info: Redefining spanish shorthand <<
(babel)             in language  on input line 189.
Package babel Info: Redefining spanish shorthand >>
(babel)             in language  on input line 189.
Package babel Info: Redefining spanish shorthand "=
(babel)             in language  on input line 189.
Package babel Info: Redefining spanish shorthand "~
(babel)             in language  on input line 189.
Package babel Info: Redefining spanish shorthand "!
(babel)             in language  on input line 189.
Package babel Info: Redefining spanish shorthand "?
(babel)             in language  on input line 189.
[10]
Overfull \hbox (11.79558pt too wide) in paragraph at lines 189--191
[][][][][] 
 []


Overfull \hbox (11.79558pt too wide) in paragraph at lines 191--192
[][][][][] 
 []


Overfull \hbox (11.79558pt too wide) in paragraph at lines 194--196
[][][][][] 
 []


Overfull \hbox (11.79558pt too wide) in paragraph at lines 196--197
[][][][][] 
 []


Overfull \hbox (11.79558pt too wide) in paragraph at lines 199--201
[][][][][] 
 []


Overfull \hbox (11.79558pt too wide) in paragraph at lines 201--202
[][][][][] 
 []


Overfull \hbox (11.79558pt too wide) in paragraph at lines 204--206
[][][][][] 
 []

Package babel Info: Redefining spanish shorthand <<
(babel)             in language  on input line 206.
Package babel Info: Redefining spanish shorthand >>
(babel)             in language  on input line 206.
Package babel Info: Redefining spanish shorthand "=
(babel)             in language  on input line 206.
Package babel Info: Redefining spanish shorthand "~
(babel)             in language  on input line 206.
Package babel Info: Redefining spanish shorthand "!
(babel)             in language  on input line 206.
Package babel Info: Redefining spanish shorthand "?
(babel)             in language  on input line 206.
Package babel Info: Redefining spanish shorthand <<
(babel)             in language  on input line 206.
Package babel Info: Redefining spanish shorthand >>
(babel)             in language  on input line 206.
Package babel Info: Redefining spanish shorthand "=
(babel)             in language  on input line 206.
Package babel Info: Redefining spanish shorthand "~
(babel)             in language  on input line 206.
Package babel Info: Redefining spanish shorthand "!
(babel)             in language  on input line 206.
Package babel Info: Redefining spanish shorthand "?
(babel)             in language  on input line 206.
[11]
Overfull \hbox (11.79558pt too wide) in paragraph at lines 206--207
[][][][][] 
 []


Overfull \hbox (11.79558pt too wide) in paragraph at lines 209--211
[][][][][] 
 []


Overfull \hbox (11.79558pt too wide) in paragraph at lines 211--212
[][][][][] 
 []


Overfull \hbox (11.79558pt too wide) in paragraph at lines 214--216
[][][][][] 
 []


Overfull \hbox (11.79558pt too wide) in paragraph at lines 216--217
[][][][][] 
 []

Package babel Info: Redefining spanish shorthand <<
(babel)             in language  on input line 219.
Package babel Info: Redefining spanish shorthand >>
(babel)             in language  on input line 219.
Package babel Info: Redefining spanish shorthand "=
(babel)             in language  on input line 219.
Package babel Info: Redefining spanish shorthand "~
(babel)             in language  on input line 219.
Package babel Info: Redefining spanish shorthand "!
(babel)             in language  on input line 219.
Package babel Info: Redefining spanish shorthand "?
(babel)             in language  on input line 219.
Package babel Info: Redefining spanish shorthand <<
(babel)             in language  on input line 219.
Package babel Info: Redefining spanish shorthand >>
(babel)             in language  on input line 219.
Package babel Info: Redefining spanish shorthand "=
(babel)             in language  on input line 219.
Package babel Info: Redefining spanish shorthand "~
(babel)             in language  on input line 219.
Package babel Info: Redefining spanish shorthand "!
(babel)             in language  on input line 219.
Package babel Info: Redefining spanish shorthand "?
(babel)             in language  on input line 219.
[12]
Overfull \hbox (11.79558pt too wide) in paragraph at lines 219--221
[][][][][] 
 []


Overfull \hbox (11.79558pt too wide) in paragraph at lines 221--222
[][][][][] 
 []


Overfull \hbox (11.79558pt too wide) in paragraph at lines 224--226
[][][][][] 
 []


Overfull \hbox (11.79558pt too wide) in paragraph at lines 226--227
[][][][][] 
 []


Overfull \hbox (11.79558pt too wide) in paragraph at lines 229--231
[][][][][] 
 []


Overfull \hbox (11.79558pt too wide) in paragraph at lines 231--232
[][][][][] 
 []

Package babel Info: Redefining spanish shorthand <<
(babel)             in language  on input line 234.
Package babel Info: Redefining spanish shorthand >>
(babel)             in language  on input line 234.
Package babel Info: Redefining spanish shorthand "=
(babel)             in language  on input line 234.
Package babel Info: Redefining spanish shorthand "~
(babel)             in language  on input line 234.
Package babel Info: Redefining spanish shorthand "!
(babel)             in language  on input line 234.
Package babel Info: Redefining spanish shorthand "?
(babel)             in language  on input line 234.
Package babel Info: Redefining spanish shorthand <<
(babel)             in language  on input line 234.
Package babel Info: Redefining spanish shorthand >>
(babel)             in language  on input line 234.
Package babel Info: Redefining spanish shorthand "=
(babel)             in language  on input line 234.
Package babel Info: Redefining spanish shorthand "~
(babel)             in language  on input line 234.
Package babel Info: Redefining spanish shorthand "!
(babel)             in language  on input line 234.
Package babel Info: Redefining spanish shorthand "?
(babel)             in language  on input line 234.
[13]
Overfull \hbox (11.79558pt too wide) in paragraph at lines 234--237
[][][][][] 
 []


Overfull \hbox (11.79558pt too wide) in paragraph at lines 237--238
[][][][][] 
 []


Overfull \hbox (4.74559pt too wide) in paragraph at lines 238--239
[][][][][] 
 []


Overfull \hbox (4.74559pt too wide) in paragraph at lines 239--240
[][][][][] 
 []


Overfull \hbox (11.79558pt too wide) in paragraph at lines 240--243
[][][][][] 
 []


Overfull \hbox (24.74559pt too wide) in paragraph at lines 240--243
[][] 
 []


Overfull \hbox (11.79558pt too wide) in paragraph at lines 243--244
[][][][][] 
 []


Overfull \hbox (11.79558pt too wide) in paragraph at lines 246--248
[][][][][] 
 []

Package babel Info: Redefining spanish shorthand <<
(babel)             in language  on input line 248.
Package babel Info: Redefining spanish shorthand >>
(babel)             in language  on input line 248.
Package babel Info: Redefining spanish shorthand "=
(babel)             in language  on input line 248.
Package babel Info: Redefining spanish shorthand "~
(babel)             in language  on input line 248.
Package babel Info: Redefining spanish shorthand "!
(babel)             in language  on input line 248.
Package babel Info: Redefining spanish shorthand "?
(babel)             in language  on input line 248.
Package babel Info: Redefining spanish shorthand <<
(babel)             in language  on input line 248.
Package babel Info: Redefining spanish shorthand >>
(babel)             in language  on input line 248.
Package babel Info: Redefining spanish shorthand "=
(babel)             in language  on input line 248.
Package babel Info: Redefining spanish shorthand "~
(babel)             in language  on input line 248.
Package babel Info: Redefining spanish shorthand "!
(babel)             in language  on input line 248.
Package babel Info: Redefining spanish shorthand "?
(babel)             in language  on input line 248.
[14]
Overfull \hbox (11.79558pt too wide) in paragraph at lines 248--249
[][][][][] 
 []


Overfull \hbox (11.79558pt too wide) in paragraph at lines 251--253
[][][][][] 
 []


Overfull \hbox (11.79558pt too wide) in paragraph at lines 253--254
[][][][][] 
 []


Overfull \hbox (11.79558pt too wide) in paragraph at lines 256--258
[][][][][] 
 []


Overfull \hbox (11.79558pt too wide) in paragraph at lines 258--259
[][][][][] 
 []

Package babel Info: Redefining spanish shorthand <<
(babel)             in language  on input line 261.
Package babel Info: Redefining spanish shorthand >>
(babel)             in language  on input line 261.
Package babel Info: Redefining spanish shorthand "=
(babel)             in language  on input line 261.
Package babel Info: Redefining spanish shorthand "~
(babel)             in language  on input line 261.
Package babel Info: Redefining spanish shorthand "!
(babel)             in language  on input line 261.
Package babel Info: Redefining spanish shorthand "?
(babel)             in language  on input line 261.
Package babel Info: Redefining spanish shorthand <<
(babel)             in language  on input line 261.
Package babel Info: Redefining spanish shorthand >>
(babel)             in language  on input line 261.
Package babel Info: Redefining spanish shorthand "=
(babel)             in language  on input line 261.
Package babel Info: Redefining spanish shorthand "~
(babel)             in language  on input line 261.
Package babel Info: Redefining spanish shorthand "!
(babel)             in language  on input line 261.
Package babel Info: Redefining spanish shorthand "?
(babel)             in language  on input line 261.
[15]
Overfull \hbox (11.79558pt too wide) in paragraph at lines 261--263
[][][][][] 
 []


Overfull \hbox (17.6956pt too wide) in paragraph at lines 261--263
[][] 
 []


Overfull \hbox (18.84557pt too wide) in paragraph at lines 268--269
[][][][][] 
 []


Overfull \hbox (18.84557pt too wide) in paragraph at lines 269--271
[][][][][] 
 []

)
Package babel Info: Redefining spanish shorthand <<
(babel)             in language  on input line 73.
Package babel Info: Redefining spanish shorthand >>
(babel)             in language  on input line 73.
Package babel Info: Redefining spanish shorthand "=
(babel)             in language  on input line 73.
Package babel Info: Redefining spanish shorthand "~
(babel)             in language  on input line 73.
Package babel Info: Redefining spanish shorthand "!
(babel)             in language  on input line 73.
Package babel Info: Redefining spanish shorthand "?
(babel)             in language  on input line 73.
Package babel Info: Redefining spanish shorthand <<
(babel)             in language  on input line 73.
Package babel Info: Redefining spanish shorthand >>
(babel)             in language  on input line 73.
Package babel Info: Redefining spanish shorthand "=
(babel)             in language  on input line 73.
Package babel Info: Redefining spanish shorthand "~
(babel)             in language  on input line 73.
Package babel Info: Redefining spanish shorthand "!
(babel)             in language  on input line 73.
Package babel Info: Redefining spanish shorthand "?
(babel)             in language  on input line 73.
 [16]
Package babel Info: Redefining spanish shorthand <<
(babel)             in language  on input line 75.
Package babel Info: Redefining spanish shorthand >>
(babel)             in language  on input line 75.
Package babel Info: Redefining spanish shorthand "=
(babel)             in language  on input line 75.
Package babel Info: Redefining spanish shorthand "~
(babel)             in language  on input line 75.
Package babel Info: Redefining spanish shorthand "!
(babel)             in language  on input line 75.
Package babel Info: Redefining spanish shorthand "?
(babel)             in language  on input line 75.
 (./Interfaz.java)
Package babel Info: Redefining spanish shorthand <<
(babel)             in language  on input line 79.
Package babel Info: Redefining spanish shorthand >>
(babel)             in language  on input line 79.
Package babel Info: Redefining spanish shorthand "=
(babel)             in language  on input line 79.
Package babel Info: Redefining spanish shorthand "~
(babel)             in language  on input line 79.
Package babel Info: Redefining spanish shorthand "!
(babel)             in language  on input line 79.
Package babel Info: Redefining spanish shorthand "?
(babel)             in language  on input line 79.
Package babel Info: Redefining spanish shorthand <<
(babel)             in language  on input line 81.
Package babel Info: Redefining spanish shorthand >>
(babel)             in language  on input line 81.
Package babel Info: Redefining spanish shorthand "=
(babel)             in language  on input line 81.
Package babel Info: Redefining spanish shorthand "~
(babel)             in language  on input line 81.
Package babel Info: Redefining spanish shorthand "!
(babel)             in language  on input line 81.
Package babel Info: Redefining spanish shorthand "?
(babel)             in language  on input line 81.
 (./Interfaz.java
Package babel Info: Redefining spanish shorthand <<
(babel)             in language  on input line 401.
Package babel Info: Redefining spanish shorthand >>
(babel)             in language  on input line 401.
Package babel Info: Redefining spanish shorthand "=
(babel)             in language  on input line 401.
Package babel Info: Redefining spanish shorthand "~
(babel)             in language  on input line 401.
Package babel Info: Redefining spanish shorthand "!
(babel)             in language  on input line 401.
Package babel Info: Redefining spanish shorthand "?
(babel)             in language  on input line 401.
Package babel Info: Redefining spanish shorthand <<
(babel)             in language  on input line 401.
Package babel Info: Redefining spanish shorthand >>
(babel)             in language  on input line 401.
Package babel Info: Redefining spanish shorthand "=
(babel)             in language  on input line 401.
Package babel Info: Redefining spanish shorthand "~
(babel)             in language  on input line 401.
Package babel Info: Redefining spanish shorthand "!
(babel)             in language  on input line 401.
Package babel Info: Redefining spanish shorthand "?
(babel)             in language  on input line 401.
 [17]
Overfull \hbox (17.6956pt too wide) in paragraph at lines 401--402
[][] 
 []


Overfull \hbox (32.94554pt too wide) in paragraph at lines 403--404
[][][][][] 
 []


Overfull \hbox (10.64561pt too wide) in paragraph at lines 405--406
[][] 
 []


Overfull \hbox (10.64561pt too wide) in paragraph at lines 407--408
[][] 
 []


Overfull \hbox (3.59563pt too wide) in paragraph at lines 409--411
[][] 
 []


Overfull \hbox (59.99553pt too wide) in paragraph at lines 414--415
[][] 
 []


Overfull \hbox (17.6956pt too wide) in paragraph at lines 414--415
[][] 
 []

Package babel Info: Redefining spanish shorthand <<
(babel)             in language  on input line 415.
Package babel Info: Redefining spanish shorthand >>
(babel)             in language  on input line 415.
Package babel Info: Redefining spanish shorthand "=
(babel)             in language  on input line 415.
Package babel Info: Redefining spanish shorthand "~
(babel)             in language  on input line 415.
Package babel Info: Redefining spanish shorthand "!
(babel)             in language  on input line 415.
Package babel Info: Redefining spanish shorthand "?
(babel)             in language  on input line 415.
Package babel Info: Redefining spanish shorthand <<
(babel)             in language  on input line 415.
Package babel Info: Redefining spanish shorthand >>
(babel)             in language  on input line 415.
Package babel Info: Redefining spanish shorthand "=
(babel)             in language  on input line 415.
Package babel Info: Redefining spanish shorthand "~
(babel)             in language  on input line 415.
Package babel Info: Redefining spanish shorthand "!
(babel)             in language  on input line 415.
Package babel Info: Redefining spanish shorthand "?
(babel)             in language  on input line 415.
[18]
Overfull \hbox (31.79558pt too wide) in paragraph at lines 415--416
[][] 
 []


Overfull \hbox (4.74559pt too wide) in paragraph at lines 422--423
[][][][][] 
 []


Overfull \hbox (25.89555pt too wide) in paragraph at lines 423--424
[][][][][] 
 []

Package babel Info: Redefining spanish shorthand <<
(babel)             in language  on input line 433.
Package babel Info: Redefining spanish shorthand >>
(babel)             in language  on input line 433.
Package babel Info: Redefining spanish shorthand "=
(babel)             in language  on input line 433.
Package babel Info: Redefining spanish shorthand "~
(babel)             in language  on input line 433.
Package babel Info: Redefining spanish shorthand "!
(babel)             in language  on input line 433.
Package babel Info: Redefining spanish shorthand "?
(babel)             in language  on input line 433.
Package babel Info: Redefining spanish shorthand <<
(babel)             in language  on input line 433.
Package babel Info: Redefining spanish shorthand >>
(babel)             in language  on input line 433.
Package babel Info: Redefining spanish shorthand "=
(babel)             in language  on input line 433.
Package babel Info: Redefining spanish shorthand "~
(babel)             in language  on input line 433.
Package babel Info: Redefining spanish shorthand "!
(babel)             in language  on input line 433.
Package babel Info: Redefining spanish shorthand "?
(babel)             in language  on input line 433.
[19])
Package babel Info: Redefining spanish shorthand <<
(babel)             in language  on input line 84.
Package babel Info: Redefining spanish shorthand >>
(babel)             in language  on input line 84.
Package babel Info: Redefining spanish shorthand "=
(babel)             in language  on input line 84.
Package babel Info: Redefining spanish shorthand "~
(babel)             in language  on input line 84.
Package babel Info: Redefining spanish shorthand "!
(babel)             in language  on input line 84.
Package babel Info: Redefining spanish shorthand "?
(babel)             in language  on input line 84.
Package babel Info: Redefining spanish shorthand <<
(babel)             in language  on input line 88.
Package babel Info: Redefining spanish shorthand >>
(babel)             in language  on input line 88.
Package babel Info: Redefining spanish shorthand "=
(babel)             in language  on input line 88.
Package babel Info: Redefining spanish shorthand "~
(babel)             in language  on input line 88.
Package babel Info: Redefining spanish shorthand "!
(babel)             in language  on input line 88.
Package babel Info: Redefining spanish shorthand "?
(babel)             in language  on input line 88.
Package babel Info: Redefining spanish shorthand <<
(babel)             in language  on input line 104.
Package babel Info: Redefining spanish shorthand >>
(babel)             in language  on input line 104.
Package babel Info: Redefining spanish shorthand "=
(babel)             in language  on input line 104.
Package babel Info: Redefining spanish shorthand "~
(babel)             in language  on input line 104.
Package babel Info: Redefining spanish shorthand "!
(babel)             in language  on input line 104.
Package babel Info: Redefining spanish shorthand "?
(babel)             in language  on input line 104.
Package babel Info: Redefining spanish shorthand <<
(babel)             in language  on input line 105.
Package babel Info: Redefining spanish shorthand >>
(babel)             in language  on input line 105.
Package babel Info: Redefining spanish shorthand "=
(babel)             in language  on input line 105.
Package babel Info: Redefining spanish shorthand "~
(babel)             in language  on input line 105.
Package babel Info: Redefining spanish shorthand "!
(babel)             in language  on input line 105.
Package babel Info: Redefining spanish shorthand "?
(babel)             in language  on input line 105.
 (./Interfaz.java
Package babel Info: Redefining spanish shorthand <<
(babel)             in language  on input line 385.
Package babel Info: Redefining spanish shorthand >>
(babel)             in language  on input line 385.
Package babel Info: Redefining spanish shorthand "=
(babel)             in language  on input line 385.
Package babel Info: Redefining spanish shorthand "~
(babel)             in language  on input line 385.
Package babel Info: Redefining spanish shorthand "!
(babel)             in language  on input line 385.
Package babel Info: Redefining spanish shorthand "?
(babel)             in language  on input line 385.
Package babel Info: Redefining spanish shorthand <<
(babel)             in language  on input line 385.
Package babel Info: Redefining spanish shorthand >>
(babel)             in language  on input line 385.
Package babel Info: Redefining spanish shorthand "=
(babel)             in language  on input line 385.
Package babel Info: Redefining spanish shorthand "~
(babel)             in language  on input line 385.
Package babel Info: Redefining spanish shorthand "!
(babel)             in language  on input line 385.
Package babel Info: Redefining spanish shorthand "?
(babel)             in language  on input line 385.
 [20]
Overfull \hbox (17.6956pt too wide) in paragraph at lines 401--402
[][] 
 []

)
Package babel Info: Redefining spanish shorthand <<
(babel)             in language  on input line 108.
Package babel Info: Redefining spanish shorthand >>
(babel)             in language  on input line 108.
Package babel Info: Redefining spanish shorthand "=
(babel)             in language  on input line 108.
Package babel Info: Redefining spanish shorthand "~
(babel)             in language  on input line 108.
Package babel Info: Redefining spanish shorthand "!
(babel)             in language  on input line 108.
Package babel Info: Redefining spanish shorthand "?
(babel)             in language  on input line 108.

Overfull \hbox (0.13226pt too wide) in paragraph at lines 109--110
[]\OT1/cmr/m/n/12 En es-ta sec-ci^^Son se lla-ma a los m^^Seto-dos \OT1/cmr/m/i
t/12 ha-bil-ta-Pa-nel-De-tails(), lim-pia-Text-Fields()
 []

Package babel Info: Redefining spanish shorthand <<
(babel)             in language  on input line 111.
Package babel Info: Redefining spanish shorthand >>
(babel)             in language  on input line 111.
Package babel Info: Redefining spanish shorthand "=
(babel)             in language  on input line 111.
Package babel Info: Redefining spanish shorthand "~
(babel)             in language  on input line 111.
Package babel Info: Redefining spanish shorthand "!
(babel)             in language  on input line 111.
Package babel Info: Redefining spanish shorthand "?
(babel)             in language  on input line 111.
Package babel Info: Redefining spanish shorthand <<
(babel)             in language  on input line 111.
Package babel Info: Redefining spanish shorthand >>
(babel)             in language  on input line 111.
Package babel Info: Redefining spanish shorthand "=
(babel)             in language  on input line 111.
Package babel Info: Redefining spanish shorthand "~
(babel)             in language  on input line 111.
Package babel Info: Redefining spanish shorthand "!
(babel)             in language  on input line 111.
Package babel Info: Redefining spanish shorthand "?
(babel)             in language  on input line 111.
[21]
Package babel Info: Redefining spanish shorthand <<
(babel)             in language  on input line 111.
Package babel Info: Redefining spanish shorthand >>
(babel)             in language  on input line 111.
Package babel Info: Redefining spanish shorthand "=
(babel)             in language  on input line 111.
Package babel Info: Redefining spanish shorthand "~
(babel)             in language  on input line 111.
Package babel Info: Redefining spanish shorthand "!
(babel)             in language  on input line 111.
Package babel Info: Redefining spanish shorthand "?
(babel)             in language  on input line 111.
 (./Interfaz.java)
Package babel Info: Redefining spanish shorthand <<
(babel)             in language  on input line 114.
Package babel Info: Redefining spanish shorthand >>
(babel)             in language  on input line 114.
Package babel Info: Redefining spanish shorthand "=
(babel)             in language  on input line 114.
Package babel Info: Redefining spanish shorthand "~
(babel)             in language  on input line 114.
Package babel Info: Redefining spanish shorthand "!
(babel)             in language  on input line 114.
Package babel Info: Redefining spanish shorthand "?
(babel)             in language  on input line 114.
Package babel Info: Redefining spanish shorthand <<
(babel)             in language  on input line 117.
Package babel Info: Redefining spanish shorthand >>
(babel)             in language  on input line 117.
Package babel Info: Redefining spanish shorthand "=
(babel)             in language  on input line 117.
Package babel Info: Redefining spanish shorthand "~
(babel)             in language  on input line 117.
Package babel Info: Redefining spanish shorthand "!
(babel)             in language  on input line 117.
Package babel Info: Redefining spanish shorthand "?
(babel)             in language  on input line 117.

Underfull \hbox (badness 10000) in paragraph at lines 118--119

 []

Package babel Info: Redefining spanish shorthand <<
(babel)             in language  on input line 119.
Package babel Info: Redefining spanish shorthand >>
(babel)             in language  on input line 119.
Package babel Info: Redefining spanish shorthand "=
(babel)             in language  on input line 119.
Package babel Info: Redefining spanish shorthand "~
(babel)             in language  on input line 119.
Package babel Info: Redefining spanish shorthand "!
(babel)             in language  on input line 119.
Package babel Info: Redefining spanish shorthand "?
(babel)             in language  on input line 119.
Package babel Info: Redefining spanish shorthand <<
(babel)             in language  on input line 119.
Package babel Info: Redefining spanish shorthand >>
(babel)             in language  on input line 119.
Package babel Info: Redefining spanish shorthand "=
(babel)             in language  on input line 119.
Package babel Info: Redefining spanish shorthand "~
(babel)             in language  on input line 119.
Package babel Info: Redefining spanish shorthand "!
(babel)             in language  on input line 119.
Package babel Info: Redefining spanish shorthand "?
(babel)             in language  on input line 119.
[22] (./Interfaz.java
Overfull \hbox (25.89555pt too wide) in paragraph at lines 801--802
[][][][][] 
 []

)
Package babel Info: Redefining spanish shorthand <<
(babel)             in language  on input line 124.
Package babel Info: Redefining spanish shorthand >>
(babel)             in language  on input line 124.
Package babel Info: Redefining spanish shorthand "=
(babel)             in language  on input line 124.
Package babel Info: Redefining spanish shorthand "~
(babel)             in language  on input line 124.
Package babel Info: Redefining spanish shorthand "!
(babel)             in language  on input line 124.
Package babel Info: Redefining spanish shorthand "?
(babel)             in language  on input line 124.
Package babel Info: Redefining spanish shorthand <<
(babel)             in language  on input line 126.
Package babel Info: Redefining spanish shorthand >>
(babel)             in language  on input line 126.
Package babel Info: Redefining spanish shorthand "=
(babel)             in language  on input line 126.
Package babel Info: Redefining spanish shorthand "~
(babel)             in language  on input line 126.
Package babel Info: Redefining spanish shorthand "!
(babel)             in language  on input line 126.
Package babel Info: Redefining spanish shorthand "?
(babel)             in language  on input line 126.
Package babel Info: Redefining spanish shorthand <<
(babel)             in language  on input line 128.
Package babel Info: Redefining spanish shorthand >>
(babel)             in language  on input line 128.
Package babel Info: Redefining spanish shorthand "=
(babel)             in language  on input line 128.
Package babel Info: Redefining spanish shorthand "~
(babel)             in language  on input line 128.
Package babel Info: Redefining spanish shorthand "!
(babel)             in language  on input line 128.
Package babel Info: Redefining spanish shorthand "?
(babel)             in language  on input line 128.
Package babel Info: Redefining spanish shorthand <<
(babel)             in language  on input line 128.
Package babel Info: Redefining spanish shorthand >>
(babel)             in language  on input line 128.
Package babel Info: Redefining spanish shorthand "=
(babel)             in language  on input line 128.
Package babel Info: Redefining spanish shorthand "~
(babel)             in language  on input line 128.
Package babel Info: Redefining spanish shorthand "!
(babel)             in language  on input line 128.
Package babel Info: Redefining spanish shorthand "?
(babel)             in language  on input line 128.
 [23]
Package babel Info: Redefining spanish shorthand <<
(babel)             in language  on input line 129.
Package babel Info: Redefining spanish shorthand >>
(babel)             in language  on input line 129.
Package babel Info: Redefining spanish shorthand "=
(babel)             in language  on input line 129.
Package babel Info: Redefining spanish shorthand "~
(babel)             in language  on input line 129.
Package babel Info: Redefining spanish shorthand "!
(babel)             in language  on input line 129.
Package babel Info: Redefining spanish shorthand "?
(babel)             in language  on input line 129.
 (./Interfaz.java)
Package babel Info: Redefining spanish shorthand <<
(babel)             in language  on input line 133.
Package babel Info: Redefining spanish shorthand >>
(babel)             in language  on input line 133.
Package babel Info: Redefining spanish shorthand "=
(babel)             in language  on input line 133.
Package babel Info: Redefining spanish shorthand "~
(babel)             in language  on input line 133.
Package babel Info: Redefining spanish shorthand "!
(babel)             in language  on input line 133.
Package babel Info: Redefining spanish shorthand "?
(babel)             in language  on input line 133.
Package babel Info: Redefining spanish shorthand <<
(babel)             in language  on input line 136.
Package babel Info: Redefining spanish shorthand >>
(babel)             in language  on input line 136.
Package babel Info: Redefining spanish shorthand "=
(babel)             in language  on input line 136.
Package babel Info: Redefining spanish shorthand "~
(babel)             in language  on input line 136.
Package babel Info: Redefining spanish shorthand "!
(babel)             in language  on input line 136.
Package babel Info: Redefining spanish shorthand "?
(babel)             in language  on input line 136.
Package babel Info: Redefining spanish shorthand <<
(babel)             in language  on input line 136.
Package babel Info: Redefining spanish shorthand >>
(babel)             in language  on input line 136.
Package babel Info: Redefining spanish shorthand "=
(babel)             in language  on input line 136.
Package babel Info: Redefining spanish shorthand "~
(babel)             in language  on input line 136.
Package babel Info: Redefining spanish shorthand "!
(babel)             in language  on input line 136.
Package babel Info: Redefining spanish shorthand "?
(babel)             in language  on input line 136.
 [24] (./Interfaz.java
Package babel Info: Redefining spanish shorthand <<
(babel)             in language  on input line 1137.
Package babel Info: Redefining spanish shorthand >>
(babel)             in language  on input line 1137.
Package babel Info: Redefining spanish shorthand "=
(babel)             in language  on input line 1137.
Package babel Info: Redefining spanish shorthand "~
(babel)             in language  on input line 1137.
Package babel Info: Redefining spanish shorthand "!
(babel)             in language  on input line 1137.
Package babel Info: Redefining spanish shorthand "?
(babel)             in language  on input line 1137.
Package babel Info: Redefining spanish shorthand <<
(babel)             in language  on input line 1137.
Package babel Info: Redefining spanish shorthand >>
(babel)             in language  on input line 1137.
Package babel Info: Redefining spanish shorthand "=
(babel)             in language  on input line 1137.
Package babel Info: Redefining spanish shorthand "~
(babel)             in language  on input line 1137.
Package babel Info: Redefining spanish shorthand "!
(babel)             in language  on input line 1137.
Package babel Info: Redefining spanish shorthand "?
(babel)             in language  on input line 1137.
 [25])
Package atveryend Info: Empty hook `BeforeClearDocument' on input line 139.
Package babel Info: Redefining spanish shorthand <<
(babel)             in language  on input line 139.
Package babel Info: Redefining spanish shorthand >>
(babel)             in language  on input line 139.
Package babel Info: Redefining spanish shorthand "=
(babel)             in language  on input line 139.
Package babel Info: Redefining spanish shorthand "~
(babel)             in language  on input line 139.
Package babel Info: Redefining spanish shorthand "!
(babel)             in language  on input line 139.
Package babel Info: Redefining spanish shorthand "?
(babel)             in language  on input line 139.
Package babel Info: Redefining spanish shorthand <<
(babel)             in language  on input line 139.
Package babel Info: Redefining spanish shorthand >>
(babel)             in language  on input line 139.
Package babel Info: Redefining spanish shorthand "=
(babel)             in language  on input line 139.
Package babel Info: Redefining spanish shorthand "~
(babel)             in language  on input line 139.
Package babel Info: Redefining spanish shorthand "!
(babel)             in language  on input line 139.
Package babel Info: Redefining spanish shorthand "?
(babel)             in language  on input line 139.
 [26]
Package atveryend Info: Empty hook `AfterLastShipout' on input line 139.
 (./Manual Tecnico.aux
LaTeX Info: Redefining \. on input line 24.
LaTeX Info: Redefining \% on input line 24.
)
Package atveryend Info: Executing hook `AtVeryEndDocument' on input line 139.
Package atveryend Info: Executing hook `AtEndAfterFileList' on input line 139.
Package rerunfilecheck Info: File `"Manual Tecnico".out' has not changed.
(rerunfilecheck)             Checksum: 8CFEF4A03F36A8008FBC45F4B60BCB07;1549.
Package atveryend Info: Empty hook `AtVeryVeryEnd' on input line 139.
 ) 
Here is how much of TeX's memory you used:
 8915 strings out of 493014
 127986 string characters out of 6133351
 338150 words of memory out of 5000000
 11970 multiletter control sequences out of 15000+600000
 10363 words of font info for 36 fonts, out of 8000000 for 9000
 1141 hyphenation exceptions out of 8191
 35i,5n,43p,402b,1820s stack positions out of 5000i,500n,10000p,200000b,80000s
</usr/local/texlive/2016/texmf-dist/fonts/type1/public/amsfonts/cm/cmbx12.pfb
></usr/local/texlive/2016/texmf-dist/fonts/type1/public/amsfonts/cm/cmcsc10.pfb
></usr/local/texlive/2016/texmf-dist/fonts/type1/public/amsfonts/cm/cmmi12.pfb>
</usr/local/texlive/2016/texmf-dist/fonts/type1/public/amsfonts/cm/cmr12.pfb></
usr/local/texlive/2016/texmf-dist/fonts/type1/public/amsfonts/cm/cmr17.pfb></us
r/local/texlive/2016/texmf-dist/fonts/type1/public/amsfonts/cm/cmsy10.pfb></usr
/local/texlive/2016/texmf-dist/fonts/type1/public/amsfonts/cm/cmti12.pfb>
Output written on "Manual Tecnico.pdf" (27 pages, 147504 bytes).
PDF statistics:
 686 PDF objects out of 1000 (max. 8388607)
 641 compressed objects within 7 object streams
 385 named destinations out of 1000 (max. 500000)
 190 words of extra memory for PDF output out of 10000 (max. 10000000)

