\BOOKMARK [1][-]{section.1}{Introducci\363n}{}% 1
\BOOKMARK [1][-]{section.2}{La clase JFrame}{}% 2
\BOOKMARK [2][-]{subsection.2.1}{Interfaz gr\341fica}{section.2}% 3
\BOOKMARK [2][-]{subsection.2.2}{Hacer visible la ventana gr\341fica}{section.2}% 4
\BOOKMARK [2][-]{subsection.2.3}{Construyendo la Ventana}{section.2}% 5
\BOOKMARK [3][-]{subsubsection.2.3.1}{Ventana de ingreso}{subsection.2.3}% 6
\BOOKMARK [3][-]{subsubsection.2.3.2}{Ventana Principal}{subsection.2.3}% 7
\BOOKMARK [3][-]{subsubsection.2.3.3}{Detalles}{subsection.2.3}% 8
\BOOKMARK [3][-]{subsubsection.2.3.4}{Footer}{subsection.2.3}% 9
\BOOKMARK [1][-]{section.3}{Activar Botones y TextFields}{}% 10
\BOOKMARK [2][-]{subsection.3.1}{En la ventana Login \(M\351todo\)}{section.3}% 11
\BOOKMARK [2][-]{subsection.3.2}{En la ventana Principal}{section.3}% 12
\BOOKMARK [1][-]{section.4}{La base de datos}{}% 13
\BOOKMARK [1][-]{section.5}{M\351todos}{}% 14
\BOOKMARK [2][-]{subsection.5.1}{Desplegar los detalles del empleado}{section.5}% 15
\BOOKMARK [2][-]{subsection.5.2}{Habilitar/Deshabilitar las Ventanas}{section.5}% 16
\BOOKMARK [2][-]{subsection.5.3}{Validar Datos}{section.5}% 17
\BOOKMARK [2][-]{subsection.5.4}{C\341lculo del ISR}{section.5}% 18
\BOOKMARK [2][-]{subsection.5.5}{Agregar a la Base de Datos}{section.5}% 19
\BOOKMARK [2][-]{subsection.5.6}{LectorCSV}{section.5}% 20
\BOOKMARK [2][-]{subsection.5.7}{BorrardeBD}{section.5}% 21
\BOOKMARK [2][-]{subsection.5.8}{Generar Reporte}{section.5}% 22
\BOOKMARK [2][-]{subsection.5.9}{escritorCSV}{section.5}% 23
